<?xml version="1.0" encoding="UTF-8"?>
<!-- Generated by org.testng.reporters.JUnitXMLReporter -->
<testsuite ignored="0" hostname="Karthik" failures="1" tests="6" name="Test" time="0.12" errors="0" timestamp="2021-05-07T17:51:38 IST">
  <testcase classname="com.maven.org.MavenProject.Sample" name="test" time="0.02">
    <skipped/>
  </testcase> <!-- test -->
  <testcase classname="com.maven.org.MavenProject.Sample" name="test" time="0.002">
    <skipped/>
  </testcase> <!-- test -->
  <testcase classname="com.maven.org.MavenProject.Sample" name="test" time="0.005">
    <skipped/>
  </testcase> <!-- test -->
  <testcase classname="com.maven.org.MavenProject.Sample" name="test" time="0.002">
    <skipped/>
  </testcase> <!-- test -->
  <testcase classname="com.maven.org.MavenProject.Sample" name="test" time="0.004">
    <skipped/>
  </testcase> <!-- test -->
  <testcase classname="com.maven.org.MavenProject.Sample" name="test" time="0.003">
    <failure type="java.lang.AssertionError" message="expected [selva] but found [Karthik]">
      <![CDATA[java.lang.AssertionError: expected [selva] but found [Karthik]
at com.maven.org.MavenProject.Sample.test(Sample.java:11)
at java.base/java.util.ArrayList.forEach(ArrayList.java:1511)
... Removed 33 stack frames]]>
    </failure>
  </testcase> <!-- test -->
</testsuite> <!-- Test -->
